[+] Containers:
 |- [+] Container: /Game/FirstPerson/Maps/FirstPersonMap
 |   |- [+] ActorDescs:
 |   |   |- Guid:065734B64BC7EBD8CC4114947F6CD77F BaseClass: NativeClass:/Script/Engine.RectLight Name:RectLight_UAID_004E01BD75FA329B02_1211518019 Label:RectLight3 SpatiallyLoaded:1 Bounds:IsValid=true, Min=(X=1578.118 Y=1961.941 Z=-245.998), Max=(X=3578.118 Y=3961.941 Z=1754.002) RuntimeGrid:None EditorOnly:0 RuntimeOnly:0 HLODRelevant:0 ListedInSceneOutliner:1 IsMainWorldOnly:0
 |   |   |- Guid:0716B6B44F2E25F2894034805132A3C0 BaseClass: NativeClass:/Script/Engine.DirectionalLight Name:DirectionalLight_UAID_004E01BD75FA2F9B02_1155593459 Label:DirectionalLight SpatiallyLoaded:0 Bounds:Invalid RuntimeGrid:None EditorOnly:0 RuntimeOnly:0 HLODRelevant:0 ListedInSceneOutliner:1 IsMainWorldOnly:0
 |   |   |- Guid:0A76BD12464F1F0501A73F92C671F640 BaseClass: NativeClass:/Script/Engine.StaticMeshActor Name:StaticMeshActor_UAID_004E01BD75FA2E9B02_1371474274 Label:Cone SpatiallyLoaded:1 Bounds:IsValid=true, Min=(X=1205.370 Y=155.976 Z=365.849), Max=(X=1273.671 Y=205.976 Z=434.151) RuntimeGrid:None EditorOnly:0 RuntimeOnly:0 HLODRelevant:1 ListedInSceneOutliner:1 IsMainWorldOnly:0
 |   |   |- Guid:0EDB289B45CB7E0977A6DBA74201EE76 BaseClass: NativeClass:/Script/Engine.StaticMeshActor Name:StaticMeshActor_10 Label:SM_Cube6 SpatiallyLoaded:1 Bounds:IsValid=true, Min=(X=2900.000 Y=100.000 Z=0.000), Max=(X=3000.000 Y=3400.000 Z=2246.427) RuntimeGrid:None EditorOnly:0 RuntimeOnly:0 HLODRelevant:1 ListedInSceneOutliner:1 IsMainWorldOnly:0 FolderPath:Playground FolderGuid:6C02BB504B69D1F3D7A624B130C18E5B
 |   |   |- Guid:1105BBD94F548043AF1904BC725C1E96 BaseClass: NativeClass:/Script/Engine.StaticMeshActor Name:StaticMeshActor_UAID_004E01BD75FA2E9B02_1403446275 Label:Cone2 SpatiallyLoaded:1 Bounds:IsValid=true, Min=(X=1295.370 Y=155.976 Z=365.849), Max=(X=1363.671 Y=205.976 Z=434.151) RuntimeGrid:None EditorOnly:0 RuntimeOnly:0 HLODRelevant:1 ListedInSceneOutliner:1 IsMainWorldOnly:0
 |   |   |- Guid:122A196F4E805EDC3FF9078175E186B9 BaseClass: NativeClass:/Script/Engine.PointLight Name:PointLight_UAID_004E01BD75FA319B02_1998489837 Label:PointLight2 SpatiallyLoaded:1 Bounds:IsValid=true, Min=(X=309.371 Y=-142.545 Z=-216.587), Max=(X=2309.371 Y=1857.455 Z=1783.413) RuntimeGrid:None EditorOnly:0 RuntimeOnly:0 HLODRelevant:0 ListedInSceneOutliner:1 IsMainWorldOnly:0
 |   |   |- Guid:1B97FB1C42343D576ECBF3B944681DF4 BaseClass: NativeClass:/Script/Engine.RectLight Name:RectLight_UAID_004E01BD75FA329B02_1122003017 Label:RectLight SpatiallyLoaded:1 Bounds:IsValid=true, Min=(X=-327.427 Y=1922.656 Z=-207.816), Max=(X=1672.573 Y=3922.656 Z=1792.184) RuntimeGrid:None EditorOnly:0 RuntimeOnly:0 HLODRelevant:0 ListedInSceneOutliner:1 IsMainWorldOnly:0
 |   |   |- Guid:21262252453B37957EF29F82ABA2413B BaseClass: NativeClass:/Script/Engine.TextRenderActor Name:TextRenderActor_1 Label:TextRenderActor SpatiallyLoaded:1 Bounds:IsValid=true, Min=(X=-0.100 Y=1100.000 Z=65.013), Max=(X=-0.100 Y=2363.461 Z=215.013) RuntimeGrid:None EditorOnly:0 RuntimeOnly:0 HLODRelevant:0 ListedInSceneOutliner:1 IsMainWorldOnly:0
 |   |   |- Guid:2A33FA9B4C1F19C39C44AFA11FB0256B BaseClass: NativeClass:/Script/Engine.StaticMeshActor Name:StaticMeshActor_UAID_004E01BD75FA319B02_1270784830 Label:Cube10 SpatiallyLoaded:1 Bounds:IsValid=true, Min=(X=745.990 Y=305.420 Z=-1.611), Max=(X=1237.498 Y=325.420 Z=809.750) RuntimeGrid:None EditorOnly:0 RuntimeOnly:0 HLODRelevant:1 ListedInSceneOutliner:1 IsMainWorldOnly:0
 |   |   |- Guid:37502DE94E8B09FBFFE3C2901D553723 BaseClass: NativeClass:/Script/Engine.StaticMeshActor Name:StaticMeshActor_UAID_004E01BD75FA2E9B02_1878801277 Label:Sphere3 SpatiallyLoaded:1 Bounds:IsValid=true, Min=(X=1302.996 Y=196.010 Z=324.754), Max=(X=1336.044 Y=226.048 Z=355.246) RuntimeGrid:None EditorOnly:0 RuntimeOnly:0 HLODRelevant:1 ListedInSceneOutliner:1 IsMainWorldOnly:0
 |   |   |- Guid:441DCBE84A48AEC1CAF003BBB3AA969D BaseClass: NativeClass:/Script/Engine.StaticMeshActor Name:StaticMeshActor_UAID_004E01BD75FA2E9B02_2025738281 Label:Sphere5 SpatiallyLoaded:1 Bounds:IsValid=true, Min=(X=1314.819 Y=185.619 Z=417.804), Max=(X=1327.200 Y=210.011 Z=442.196) RuntimeGrid:None EditorOnly:0 RuntimeOnly:0 HLODRelevant:1 ListedInSceneOutliner:1 IsMainWorldOnly:0
 |   |   |- Guid:4994E8CE4497FD780103F99929F046F5 BaseClass: NativeClass:/Script/Engine.StaticMeshActor Name:StaticMeshActor_UAID_004E01BD75FA2E9B02_1449813276 Label:Sphere2 SpatiallyLoaded:1 Bounds:IsValid=true, Min=(X=1244.001 Y=195.873 Z=324.891), Max=(X=1276.775 Y=225.717 Z=355.109) RuntimeGrid:None EditorOnly:0 RuntimeOnly:0 HLODRelevant:1 ListedInSceneOutliner:1 IsMainWorldOnly:0
 |   |   |- Guid:5FE7584649BB6F09265329A6C57CFD0D BaseClass: NativeClass:/Script/Engine.VolumetricCloud Name:VolumetricCloud_0 Label:VolumetricCloud SpatiallyLoaded:0 Bounds:IsValid=true, Min=(X=0.000 Y=0.000 Z=820.000), Max=(X=0.000 Y=0.000 Z=820.000) RuntimeGrid:None EditorOnly:0 RuntimeOnly:0 HLODRelevant:0 ListedInSceneOutliner:1 IsMainWorldOnly:0 FolderPath:Lighting FolderGuid:0BA5F0A04EADB18E70D5B180D08FA34B
 |   |   |- Guid:61391D344900612A77DFC3BA3E354907 BaseClass: NativeClass:/Script/Engine.ExponentialHeightFog Name:ExponentialHeightFog_0 Label:ExponentialHeightFog SpatiallyLoaded:0 Bounds:IsValid=true, Min=(X=-5600.000 Y=-50.000 Z=-6850.000), Max=(X=-5600.000 Y=-50.000 Z=-6850.000) RuntimeGrid:None EditorOnly:0 RuntimeOnly:0 HLODRelevant:0 ListedInSceneOutliner:1 IsMainWorldOnly:0 FolderPath:Lighting FolderGuid:0BA5F0A04EADB18E70D5B180D08FA34B
 |   |   |- Guid:61E60D1440C38D3C370FFC87121C8562 BaseClass: NativeClass:/Script/Engine.StaticMeshActor Name:StaticMeshActor_UAID_004E01BD75FA319B02_1088692824 Label:Cube5 SpatiallyLoaded:1 Bounds:IsValid=true, Min=(X=1095.990 Y=2845.420 Z=-1.611), Max=(X=1115.990 Y=3444.483 Z=809.750) RuntimeGrid:None EditorOnly:0 RuntimeOnly:0 HLODRelevant:1 ListedInSceneOutliner:1 IsMainWorldOnly:0
 |   |   |- Guid:6FEFB3BD4EB37B849EF0D4AC80F83855 BaseClass: NativeClass:/Script/Engine.WorldDataLayers Name:WorldDataLayers Label:WorldDataLayers SpatiallyLoaded:0 Bounds:IsValid=true, Min=(X=0.000 Y=0.000 Z=0.000), Max=(X=0.000 Y=0.000 Z=0.000) RuntimeGrid:None EditorOnly:0 RuntimeOnly:0 HLODRelevant:0 ListedInSceneOutliner:1 IsMainWorldOnly:1
 |   |   |- Guid:78CAF7514C7533F30BD2F19A017AAB65 BaseClass: NativeClass:/Script/Engine.StaticMeshActor Name:StaticMeshActor_0 Label:SM_Cube SpatiallyLoaded:1 Bounds:IsValid=true, Min=(X=0.000 Y=0.000 Z=-50.000), Max=(X=3000.000 Y=3500.000 Z=0.000) RuntimeGrid:None EditorOnly:0 RuntimeOnly:0 HLODRelevant:1 ListedInSceneOutliner:1 IsMainWorldOnly:0 FolderPath:Playground FolderGuid:6C02BB504B69D1F3D7A624B130C18E5B
 |   |   |- Guid:81FAFAB741C98FD7F1B67F816D0E1EF9 BaseClass: NativeClass:/Script/Engine.RectLight Name:RectLight_UAID_004E01BD75FA329B02_1230379020 Label:RectLight4 SpatiallyLoaded:1 Bounds:IsValid=true, Min=(X=753.438 Y=1710.978 Z=-219.172), Max=(X=2753.438 Y=3710.978 Z=1780.828) RuntimeGrid:None EditorOnly:0 RuntimeOnly:0 HLODRelevant:0 ListedInSceneOutliner:1 IsMainWorldOnly:0
 |   |   |- Guid:82AA3C4544B8D740A76AEB818113FA38 BaseClass: NativeClass:/Script/Engine.StaticMeshActor Name:StaticMeshActor_UAID_004E01BD75FA319B02_1118260825 Label:Cube6 SpatiallyLoaded:1 Bounds:IsValid=true, Min=(X=1095.990 Y=1797.243 Z=-1.611), Max=(X=1115.990 Y=2855.420 Z=809.750) RuntimeGrid:None EditorOnly:0 RuntimeOnly:0 HLODRelevant:1 ListedInSceneOutliner:1 IsMainWorldOnly:0
 |   |   |- Guid:83B67814490C073B4FA5F89C2E2B9072 BaseClass: NativeClass:/Script/Engine.StaticMeshActor Name:StaticMeshActor_UAID_004E01BD75FA2E9B02_1973351279 Label:Cylinder2 SpatiallyLoaded:1 Bounds:IsValid=true, Min=(X=1298.967 Y=180.726 Z=383.169), Max=(X=1320.073 Y=201.228 Z=436.831) RuntimeGrid:None EditorOnly:0 RuntimeOnly:0 HLODRelevant:1 ListedInSceneOutliner:1 IsMainWorldOnly:0
 |   |   |- Guid:8559D1384B14F466E8927697A36C1D78 BaseClass: NativeClass:/Script/Engine.StaticMeshActor Name:StaticMeshActor_9 Label:SM_Cube5 SpatiallyLoaded:1 Bounds:IsValid=true, Min=(X=-0.000 Y=100.000 Z=0.000), Max=(X=100.000 Y=3400.000 Z=2246.427) RuntimeGrid:None EditorOnly:0 RuntimeOnly:0 HLODRelevant:1 ListedInSceneOutliner:1 IsMainWorldOnly:0 FolderPath:Playground FolderGuid:6C02BB504B69D1F3D7A624B130C18E5B
 |   |   |- Guid:86C0BA7246AAD23794DCCFBC6F15898E BaseClass: NativeClass:/Script/Engine.StaticMeshActor Name:StaticMeshActor_UAID_004E01BD75FA319B02_1193637827 Label:Cube4 SpatiallyLoaded:1 Bounds:IsValid=true, Min=(X=-104.010 Y=1785.420 Z=-1.611), Max=(X=387.498 Y=1805.420 Z=809.750) RuntimeGrid:None EditorOnly:0 RuntimeOnly:0 HLODRelevant:1 ListedInSceneOutliner:1 IsMainWorldOnly:0
 |   |   |- Guid:90B7B8D3420C2EABA931D3A6A69DF696 BaseClass: NativeClass:/Script/Engine.StaticMeshActor Name:StaticMeshActor_3 Label:SM_Cube2 SpatiallyLoaded:1 Bounds:IsValid=true, Min=(X=0.000 Y=0.000 Z=0.000), Max=(X=3000.000 Y=100.000 Z=2246.427) RuntimeGrid:None EditorOnly:0 RuntimeOnly:0 HLODRelevant:1 ListedInSceneOutliner:1 IsMainWorldOnly:0 FolderPath:Playground FolderGuid:6C02BB504B69D1F3D7A624B130C18E5B
 |   |   |- Guid:935E71AD4C479870290D82BB32B092D6 BaseClass: NativeClass:/Script/Engine.StaticMeshActor Name:StaticMeshActor_UAID_004E01BD75FA319B02_1534459834 Label:Sphere6 SpatiallyLoaded:1 Bounds:IsValid=true, Min=(X=1225.927 Y=185.079 Z=-27.152), Max=(X=1280.441 Y=239.593 Z=27.362) RuntimeGrid:None EditorOnly:0 RuntimeOnly:0 HLODRelevant:1 ListedInSceneOutliner:1 IsMainWorldOnly:0
 |   |   |- Guid:9BA93EE94B82D33E49BBB8BD4ABD7605 BaseClass: NativeClass:/Script/Engine.StaticMeshActor Name:StaticMeshActor_UAID_004E01BD75FA2E9B02_1360129273 Label:Sphere SpatiallyLoaded:1 Bounds:IsValid=true, Min=(X=1223.663 Y=126.923 Z=299.286), Max=(X=1348.663 Y=226.923 Z=399.286) RuntimeGrid:None EditorOnly:0 RuntimeOnly:0 HLODRelevant:1 ListedInSceneOutliner:1 IsMainWorldOnly:0
 |   |   |- Guid:9C4C16A64577E7CB175143AC781A0799 BaseClass: NativeClass:/Script/Engine.StaticMeshActor Name:StaticMeshActor_UAID_004E01BD75FA309B02_1833889642 Label:Cube SpatiallyLoaded:1 Bounds:IsValid=true, Min=(X=2295.990 Y=2435.420 Z=-1.611), Max=(X=2895.053 Y=2455.420 Z=809.750) RuntimeGrid:None EditorOnly:0 RuntimeOnly:0 HLODRelevant:1 ListedInSceneOutliner:1 IsMainWorldOnly:0
 |   |   |- Guid:A18162D64AA4023A2E85F999F7AFECEF BaseClass: NativeClass:/Script/Engine.RectLight Name:RectLight_UAID_004E01BD75FA329B02_1205134018 Label:RectLight2 SpatiallyLoaded:1 Bounds:IsValid=true, Min=(X=-327.427 Y=1217.298 Z=-207.816), Max=(X=1672.573 Y=3217.298 Z=1792.184) RuntimeGrid:None EditorOnly:0 RuntimeOnly:0 HLODRelevant:0 ListedInSceneOutliner:1 IsMainWorldOnly:0
 |   |   |- Guid:A354B1B24E617A525DC6B48CCDE2417E BaseClass: NativeClass:/Script/Engine.PlayerStart Name:PlayerStart_0 Label:PlayerStart SpatiallyLoaded:0 Bounds:IsValid=true, Min=(X=2598.818 Y=2947.381 Z=155.756), Max=(X=2678.818 Y=3027.381 Z=339.756) RuntimeGrid:None EditorOnly:0 RuntimeOnly:0 HLODRelevant:0 ListedInSceneOutliner:1 IsMainWorldOnly:0
 |   |   |- Guid:A89166C64898ED0145A18DABBA9B5206 BaseClass: NativeClass:/Script/Engine.StaticMeshActor Name:StaticMeshActor_UAID_004E01BD75FA2E9B02_1931522278 Label:Cylinder SpatiallyLoaded:1 Bounds:IsValid=true, Min=(X=1275.010 Y=195.666 Z=305.996), Max=(X=1284.031 Y=216.169 Z=314.004) RuntimeGrid:None EditorOnly:0 RuntimeOnly:0 HLODRelevant:1 ListedInSceneOutliner:1 IsMainWorldOnly:0
 |   |   |- Guid:B7F8C24548D14955EE20F48E1F061176 BaseClass: NativeClass:/Script/Engine.StaticMeshActor Name:StaticMeshActor_UAID_004E01BD75FA2E9B02_1992634280 Label:Sphere4 SpatiallyLoaded:1 Bounds:IsValid=true, Min=(X=1247.959 Y=189.646 Z=417.804), Max=(X=1255.345 Y=214.038 Z=442.196) RuntimeGrid:None EditorOnly:0 RuntimeOnly:0 HLODRelevant:1 ListedInSceneOutliner:1 IsMainWorldOnly:0
 |   |   |- Guid:B9BA3BFD47D7FE44682F099C561D64A4 BaseClass: NativeClass:/Script/Engine.StaticMeshActor Name:StaticMeshActor_UAID_004E01BD75FA319B02_1288724831 Label:Cube11 SpatiallyLoaded:1 Bounds:IsValid=true, Min=(X=1385.990 Y=315.420 Z=-1.611), Max=(X=1877.498 Y=335.420 Z=809.750) RuntimeGrid:None EditorOnly:0 RuntimeOnly:0 HLODRelevant:1 ListedInSceneOutliner:1 IsMainWorldOnly:0
 |   |   |- Guid:BC7405354837708AED349DAECC8221A6 BaseClass: NativeClass:/Script/Engine.SpotLight Name:SpotLight_UAID_004E01BD75FA319B02_2124940840 Label:SpotLight SpatiallyLoaded:1 Bounds:IsValid=true, Min=(X=524.108 Y=2292.734 Z=-703.372), Max=(X=1914.272 Y=3682.898 Z=686.792) RuntimeGrid:None EditorOnly:0 RuntimeOnly:0 HLODRelevant:0 ListedInSceneOutliner:1 IsMainWorldOnly:0
 |   |   |- Guid:BF9E7B3B4AFE0DB17B5F9585E17AEC43 BaseClass: NativeClass:/Script/Engine.StaticMeshActor Name:StaticMeshActor_UAID_004E01BD75FA319B02_2028699839 Label:SM_Cube4 SpatiallyLoaded:1 Bounds:IsValid=true, Min=(X=-0.000 Y=0.000 Z=767.751), Max=(X=3000.000 Y=3500.000 Z=817.751) RuntimeGrid:None EditorOnly:0 RuntimeOnly:0 HLODRelevant:1 ListedInSceneOutliner:1 IsMainWorldOnly:0 FolderPath:Playground FolderGuid:6C02BB504B69D1F3D7A624B130C18E5B
 |   |   |- Guid:C22CE07C4B87D685137FDBBC10FC92C6 BaseClass: NativeClass:/Script/Engine.SkyAtmosphere Name:SkyAtmosphere_0 Label:SkyAtmosphere SpatiallyLoaded:0 Bounds:IsValid=true, Min=(X=0.000 Y=0.000 Z=1020.000), Max=(X=0.000 Y=0.000 Z=1020.000) RuntimeGrid:None EditorOnly:0 RuntimeOnly:0 HLODRelevant:0 ListedInSceneOutliner:1 IsMainWorldOnly:0 FolderPath:Lighting FolderGuid:0BA5F0A04EADB18E70D5B180D08FA34B
 |   |   |- Guid:C6BA6D7B4344A3D221484BBD99CD273E BaseClass: NativeClass:/Script/Engine.StaticMeshActor Name:StaticMeshActor_UAID_004E01BD75FA319B02_1257893829 Label:Cube9 SpatiallyLoaded:1 Bounds:IsValid=true, Min=(X=1205.990 Y=310.758 Z=-1.611), Max=(X=1225.990 Y=1795.420 Z=809.750) RuntimeGrid:None EditorOnly:0 RuntimeOnly:0 HLODRelevant:1 ListedInSceneOutliner:1 IsMainWorldOnly:0
 |   |   |- Guid:C81A65244D211DFE8094DD9A78032E8D BaseClass: NativeClass:/Script/Engine.StaticMeshActor Name:StaticMeshActor_UAID_004E01BD75FA2F9B02_1078428458 Label:Cylinder3 SpatiallyLoaded:1 Bounds:IsValid=true, Min=(X=1281.632 Y=191.395 Z=306.625), Max=(X=1291.392 Y=211.897 Z=313.375) RuntimeGrid:None EditorOnly:0 RuntimeOnly:0 HLODRelevant:1 ListedInSceneOutliner:1 IsMainWorldOnly:0
 |   |   |- Guid:CB539A164BFD2E55E089219CC25100FC BaseClass: NativeClass:/Script/Engine.StaticMeshActor Name:StaticMeshActor_UAID_004E01BD75FA309B02_1903132643 Label:Cube2 SpatiallyLoaded:1 Bounds:IsValid=true, Min=(X=2285.990 Y=2447.243 Z=-1.611), Max=(X=2305.990 Y=3505.420 Z=809.750) RuntimeGrid:None EditorOnly:0 RuntimeOnly:0 HLODRelevant:1 ListedInSceneOutliner:1 IsMainWorldOnly:0
 |   |   |- Guid:CE8D82634660FCDB3120E2B8D547C533 BaseClass: NativeClass:/Script/Engine.PostProcessVolume Name:PostProcessVolume_0 Label:PostProcessVolume SpatiallyLoaded:0 Bounds:IsValid=true, Min=(X=0.000 Y=0.000 Z=400.000), Max=(X=200.000 Y=200.000 Z=600.000) RuntimeGrid:None EditorOnly:0 RuntimeOnly:0 HLODRelevant:0 ListedInSceneOutliner:1 IsMainWorldOnly:0 FolderPath:Lighting FolderGuid:0BA5F0A04EADB18E70D5B180D08FA34B
 |   |   |- Guid:CF25BF6A4564F4A43E5593B3A46FC51D BaseClass: NativeClass:/Script/Engine.PointLight Name:PointLight_UAID_004E01BD75FA319B02_1593823836 Label:PointLight SpatiallyLoaded:1 Bounds:IsValid=true, Min=(X=549.750 Y=-813.579 Z=-859.049), Max=(X=2549.750 Y=1186.421 Z=1140.951) RuntimeGrid:None EditorOnly:0 RuntimeOnly:0 HLODRelevant:0 ListedInSceneOutliner:1 IsMainWorldOnly:0
 |   |   |- Guid:D1627B7E4A28B6BB2D1CEB9F924E6026 BaseClass: NativeClass:/Script/Engine.StaticMeshActor Name:StaticMeshActor_UAID_004E01BD75FA319B02_1141959826 Label:Cube7 SpatiallyLoaded:1 Bounds:IsValid=true, Min=(X=305.990 Y=1785.420 Z=-1.611), Max=(X=1220.358 Y=1805.420 Z=809.750) RuntimeGrid:None EditorOnly:0 RuntimeOnly:0 HLODRelevant:1 ListedInSceneOutliner:1 IsMainWorldOnly:0
 |   |   |- Guid:D1C0B3844779BE4992479EB42BB1A2D6 BaseClass: NativeClass:/Script/Engine.StaticMeshActor Name:StaticMeshActor_UAID_004E01BD75FA309B02_1523880641 Label:Cylinder4 SpatiallyLoaded:1 Bounds:IsValid=true, Min=(X=1247.883 Y=187.562 Z=385.094), Max=(X=1277.757 Y=208.064 Z=434.906) RuntimeGrid:None EditorOnly:0 RuntimeOnly:0 HLODRelevant:1 ListedInSceneOutliner:1 IsMainWorldOnly:0
 |   |   |- Guid:D3C419CF4BF1688069B872879F5E5580 BaseClass: NativeClass:/Script/Engine.StaticMeshActor Name:StaticMeshActor_UAID_004E01BD75FA2E9B02_1205226272 Label:SM_SkySphere3 SpatiallyLoaded:0 Bounds:IsValid=true, Min=(X=-1638380.000 Y=-1638380.000 Z=-1638400.000), Max=(X=1638420.000 Y=1638420.000 Z=1638400.000) RuntimeGrid:None EditorOnly:0 RuntimeOnly:0 HLODRelevant:0 ListedInSceneOutliner:1 IsMainWorldOnly:0 FolderPath:Lighting FolderGuid:0BA5F0A04EADB18E70D5B180D08FA34B
 |   |   |- Guid:D5E06A4F4FF82A71B1369CABDD7C685F BaseClass: NativeClass:/Script/Engine.StaticMeshActor Name:StaticMeshActor_UAID_004E01BD75FA319B02_1479655833 Label:Cone3 SpatiallyLoaded:1 Bounds:IsValid=true, Min=(X=1232.333 Y=127.726 Z=-11.422), Max=(X=1332.333 Y=227.726 Z=332.569) RuntimeGrid:None EditorOnly:0 RuntimeOnly:0 HLODRelevant:1 ListedInSceneOutliner:1 IsMainWorldOnly:0
 |   |   |- Guid:E38D92CC45A6EFD452C115A0438CADC1 BaseClass: NativeClass:/Script/Engine.StaticMeshActor Name:StaticMeshActor_UAID_004E01BD75FA2E9B02_1205014271 Label:SM_SkySphere2 SpatiallyLoaded:0 Bounds:IsValid=true, Min=(X=-1638390.000 Y=-1638390.000 Z=-1638400.000), Max=(X=1638410.000 Y=1638410.000 Z=1638400.000) RuntimeGrid:None EditorOnly:0 RuntimeOnly:0 HLODRelevant:0 ListedInSceneOutliner:1 IsMainWorldOnly:0 FolderPath:Lighting FolderGuid:0BA5F0A04EADB18E70D5B180D08FA34B
 |   |   |- Guid:EA530DB14479D2433A3F2FB6154FFFA3 BaseClass: NativeClass:/Script/Engine.StaticMeshActor Name:StaticMeshActor_UAID_004E01BD75FA319B02_1557423835 Label:Sphere7 SpatiallyLoaded:1 Bounds:IsValid=true, Min=(X=1285.355 Y=185.079 Z=-27.152), Max=(X=1339.869 Y=239.593 Z=27.362) RuntimeGrid:None EditorOnly:0 RuntimeOnly:0 HLODRelevant:1 ListedInSceneOutliner:1 IsMainWorldOnly:0
 |   |   |- Guid:EE66F4454A4A9F99393F559AB739C05E BaseClass:/Game/FirstPerson/Blueprints/BP_Pickup_Rifle.BP_Pickup_Rifle_C NativeClass:/Script/Engine.Actor Name:BP_Rifle_C_1 Label:BP_Pickup_Rifle SpatiallyLoaded:1 Bounds:IsValid=true, Min=(X=1378.000 Y=818.000 Z=64.000), Max=(X=1442.000 Y=907.440 Z=128.000) RuntimeGrid:None EditorOnly:0 RuntimeOnly:0 HLODRelevant:0 ListedInSceneOutliner:1 IsMainWorldOnly:0
 |   |   |- Guid:F07F1AF64C7C7C238EE1B4BF8C122DD8 BaseClass: NativeClass:/Script/Engine.StaticMeshActor Name:StaticMeshActor_4 Label:SM_Cube3 SpatiallyLoaded:1 Bounds:IsValid=true, Min=(X=0.000 Y=3400.000 Z=0.000), Max=(X=3000.000 Y=3500.000 Z=2246.427) RuntimeGrid:None EditorOnly:0 RuntimeOnly:0 HLODRelevant:1 ListedInSceneOutliner:1 IsMainWorldOnly:0 FolderPath:Playground FolderGuid:6C02BB504B69D1F3D7A624B130C18E5B
 |   |   |- Guid:FC9713724D0E0118AB370DBB3AA37FAA BaseClass: NativeClass:/Script/Engine.StaticMeshActor Name:StaticMeshActor_UAID_004E01BD75FA319B02_1249891828 Label:Cube8 SpatiallyLoaded:1 Bounds:IsValid=true, Min=(X=1415.990 Y=310.758 Z=-1.611), Max=(X=1435.990 Y=1795.420 Z=809.750) RuntimeGrid:None EditorOnly:0 RuntimeOnly:0 HLODRelevant:1 ListedInSceneOutliner:1 IsMainWorldOnly:0
 |   |   |- Guid:FD57F3024B7DAF97113930BE158C1CCD BaseClass: NativeClass:/Script/Engine.PointLight Name:PointLight_UAID_004E01BD75FA319B02_2018281838 Label:PointLight3 SpatiallyLoaded:1 Bounds:IsValid=true, Min=(X=309.371 Y=555.612 Z=-216.587), Max=(X=2309.371 Y=2555.612 Z=1783.413) RuntimeGrid:None EditorOnly:0 RuntimeOnly:0 HLODRelevant:0 ListedInSceneOutliner:1 IsMainWorldOnly:0
 |   |   |- Guid:FDBA23534A5AE241F20540933C1F02E1 BaseClass: NativeClass:/Script/Engine.StaticMeshActor Name:StaticMeshActor_UAID_004E01BD75FA309B02_2056567644 Label:Cube3 SpatiallyLoaded:1 Bounds:IsValid=true, Min=(X=1425.990 Y=1785.420 Z=-1.611), Max=(X=2910.653 Y=1805.420 Z=809.750) RuntimeGrid:None EditorOnly:0 RuntimeOnly:0 HLODRelevant:1 ListedInSceneOutliner:1 IsMainWorldOnly:0
 |   |- [+] Clusters:
 |   |   |- [+] [  0]
 |   |   |   |- Guid:065734B64BC7EBD8CC4114947F6CD77F BaseClass: NativeClass:/Script/Engine.RectLight Name:RectLight_UAID_004E01BD75FA329B02_1211518019 Label:RectLight3 SpatiallyLoaded:1 Bounds:IsValid=true, Min=(X=1578.118 Y=1961.941 Z=-245.998), Max=(X=3578.118 Y=3961.941 Z=1754.002) RuntimeGrid:None EditorOnly:0 RuntimeOnly:0 HLODRelevant:0 ListedInSceneOutliner:1 IsMainWorldOnly:0
 |   |   |- [+] [  1]
 |   |   |   |- Guid:0716B6B44F2E25F2894034805132A3C0 BaseClass: NativeClass:/Script/Engine.DirectionalLight Name:DirectionalLight_UAID_004E01BD75FA2F9B02_1155593459 Label:DirectionalLight SpatiallyLoaded:0 Bounds:Invalid RuntimeGrid:None EditorOnly:0 RuntimeOnly:0 HLODRelevant:0 ListedInSceneOutliner:1 IsMainWorldOnly:0
 |   |   |- [+] [  2]
 |   |   |   |- Guid:0A76BD12464F1F0501A73F92C671F640 BaseClass: NativeClass:/Script/Engine.StaticMeshActor Name:StaticMeshActor_UAID_004E01BD75FA2E9B02_1371474274 Label:Cone SpatiallyLoaded:1 Bounds:IsValid=true, Min=(X=1205.370 Y=155.976 Z=365.849), Max=(X=1273.671 Y=205.976 Z=434.151) RuntimeGrid:None EditorOnly:0 RuntimeOnly:0 HLODRelevant:1 ListedInSceneOutliner:1 IsMainWorldOnly:0
 |   |   |- [+] [  3]
 |   |   |   |- Guid:0EDB289B45CB7E0977A6DBA74201EE76 BaseClass: NativeClass:/Script/Engine.StaticMeshActor Name:StaticMeshActor_10 Label:SM_Cube6 SpatiallyLoaded:1 Bounds:IsValid=true, Min=(X=2900.000 Y=100.000 Z=0.000), Max=(X=3000.000 Y=3400.000 Z=2246.427) RuntimeGrid:None EditorOnly:0 RuntimeOnly:0 HLODRelevant:1 ListedInSceneOutliner:1 IsMainWorldOnly:0 FolderPath:Playground FolderGuid:6C02BB504B69D1F3D7A624B130C18E5B
 |   |   |- [+] [  4]
 |   |   |   |- Guid:1105BBD94F548043AF1904BC725C1E96 BaseClass: NativeClass:/Script/Engine.StaticMeshActor Name:StaticMeshActor_UAID_004E01BD75FA2E9B02_1403446275 Label:Cone2 SpatiallyLoaded:1 Bounds:IsValid=true, Min=(X=1295.370 Y=155.976 Z=365.849), Max=(X=1363.671 Y=205.976 Z=434.151) RuntimeGrid:None EditorOnly:0 RuntimeOnly:0 HLODRelevant:1 ListedInSceneOutliner:1 IsMainWorldOnly:0
 |   |   |- [+] [  5]
 |   |   |   |- Guid:122A196F4E805EDC3FF9078175E186B9 BaseClass: NativeClass:/Script/Engine.PointLight Name:PointLight_UAID_004E01BD75FA319B02_1998489837 Label:PointLight2 SpatiallyLoaded:1 Bounds:IsValid=true, Min=(X=309.371 Y=-142.545 Z=-216.587), Max=(X=2309.371 Y=1857.455 Z=1783.413) RuntimeGrid:None EditorOnly:0 RuntimeOnly:0 HLODRelevant:0 ListedInSceneOutliner:1 IsMainWorldOnly:0
 |   |   |- [+] [  6]
 |   |   |   |- Guid:1B97FB1C42343D576ECBF3B944681DF4 BaseClass: NativeClass:/Script/Engine.RectLight Name:RectLight_UAID_004E01BD75FA329B02_1122003017 Label:RectLight SpatiallyLoaded:1 Bounds:IsValid=true, Min=(X=-327.427 Y=1922.656 Z=-207.816), Max=(X=1672.573 Y=3922.656 Z=1792.184) RuntimeGrid:None EditorOnly:0 RuntimeOnly:0 HLODRelevant:0 ListedInSceneOutliner:1 IsMainWorldOnly:0
 |   |   |- [+] [  7]
 |   |   |   |- Guid:21262252453B37957EF29F82ABA2413B BaseClass: NativeClass:/Script/Engine.TextRenderActor Name:TextRenderActor_1 Label:TextRenderActor SpatiallyLoaded:1 Bounds:IsValid=true, Min=(X=-0.100 Y=1100.000 Z=65.013), Max=(X=-0.100 Y=2363.461 Z=215.013) RuntimeGrid:None EditorOnly:0 RuntimeOnly:0 HLODRelevant:0 ListedInSceneOutliner:1 IsMainWorldOnly:0
 |   |   |- [+] [  8]
 |   |   |   |- Guid:2A33FA9B4C1F19C39C44AFA11FB0256B BaseClass: NativeClass:/Script/Engine.StaticMeshActor Name:StaticMeshActor_UAID_004E01BD75FA319B02_1270784830 Label:Cube10 SpatiallyLoaded:1 Bounds:IsValid=true, Min=(X=745.990 Y=305.420 Z=-1.611), Max=(X=1237.498 Y=325.420 Z=809.750) RuntimeGrid:None EditorOnly:0 RuntimeOnly:0 HLODRelevant:1 ListedInSceneOutliner:1 IsMainWorldOnly:0
 |   |   |- [+] [  9]
 |   |   |   |- Guid:37502DE94E8B09FBFFE3C2901D553723 BaseClass: NativeClass:/Script/Engine.StaticMeshActor Name:StaticMeshActor_UAID_004E01BD75FA2E9B02_1878801277 Label:Sphere3 SpatiallyLoaded:1 Bounds:IsValid=true, Min=(X=1302.996 Y=196.010 Z=324.754), Max=(X=1336.044 Y=226.048 Z=355.246) RuntimeGrid:None EditorOnly:0 RuntimeOnly:0 HLODRelevant:1 ListedInSceneOutliner:1 IsMainWorldOnly:0
 |   |   |- [+] [ 10]
 |   |   |   |- Guid:441DCBE84A48AEC1CAF003BBB3AA969D BaseClass: NativeClass:/Script/Engine.StaticMeshActor Name:StaticMeshActor_UAID_004E01BD75FA2E9B02_2025738281 Label:Sphere5 SpatiallyLoaded:1 Bounds:IsValid=true, Min=(X=1314.819 Y=185.619 Z=417.804), Max=(X=1327.200 Y=210.011 Z=442.196) RuntimeGrid:None EditorOnly:0 RuntimeOnly:0 HLODRelevant:1 ListedInSceneOutliner:1 IsMainWorldOnly:0
 |   |   |- [+] [ 11]
 |   |   |   |- Guid:4994E8CE4497FD780103F99929F046F5 BaseClass: NativeClass:/Script/Engine.StaticMeshActor Name:StaticMeshActor_UAID_004E01BD75FA2E9B02_1449813276 Label:Sphere2 SpatiallyLoaded:1 Bounds:IsValid=true, Min=(X=1244.001 Y=195.873 Z=324.891), Max=(X=1276.775 Y=225.717 Z=355.109) RuntimeGrid:None EditorOnly:0 RuntimeOnly:0 HLODRelevant:1 ListedInSceneOutliner:1 IsMainWorldOnly:0
 |   |   |- [+] [ 12]
 |   |   |   |- Guid:5FE7584649BB6F09265329A6C57CFD0D BaseClass: NativeClass:/Script/Engine.VolumetricCloud Name:VolumetricCloud_0 Label:VolumetricCloud SpatiallyLoaded:0 Bounds:IsValid=true, Min=(X=0.000 Y=0.000 Z=820.000), Max=(X=0.000 Y=0.000 Z=820.000) RuntimeGrid:None EditorOnly:0 RuntimeOnly:0 HLODRelevant:0 ListedInSceneOutliner:1 IsMainWorldOnly:0 FolderPath:Lighting FolderGuid:0BA5F0A04EADB18E70D5B180D08FA34B
 |   |   |- [+] [ 13]
 |   |   |   |- Guid:61391D344900612A77DFC3BA3E354907 BaseClass: NativeClass:/Script/Engine.ExponentialHeightFog Name:ExponentialHeightFog_0 Label:ExponentialHeightFog SpatiallyLoaded:0 Bounds:IsValid=true, Min=(X=-5600.000 Y=-50.000 Z=-6850.000), Max=(X=-5600.000 Y=-50.000 Z=-6850.000) RuntimeGrid:None EditorOnly:0 RuntimeOnly:0 HLODRelevant:0 ListedInSceneOutliner:1 IsMainWorldOnly:0 FolderPath:Lighting FolderGuid:0BA5F0A04EADB18E70D5B180D08FA34B
 |   |   |- [+] [ 14]
 |   |   |   |- Guid:61E60D1440C38D3C370FFC87121C8562 BaseClass: NativeClass:/Script/Engine.StaticMeshActor Name:StaticMeshActor_UAID_004E01BD75FA319B02_1088692824 Label:Cube5 SpatiallyLoaded:1 Bounds:IsValid=true, Min=(X=1095.990 Y=2845.420 Z=-1.611), Max=(X=1115.990 Y=3444.483 Z=809.750) RuntimeGrid:None EditorOnly:0 RuntimeOnly:0 HLODRelevant:1 ListedInSceneOutliner:1 IsMainWorldOnly:0
 |   |   |- [+] [ 15]
 |   |   |   |- Guid:6FEFB3BD4EB37B849EF0D4AC80F83855 BaseClass: NativeClass:/Script/Engine.WorldDataLayers Name:WorldDataLayers Label:WorldDataLayers SpatiallyLoaded:0 Bounds:IsValid=true, Min=(X=0.000 Y=0.000 Z=0.000), Max=(X=0.000 Y=0.000 Z=0.000) RuntimeGrid:None EditorOnly:0 RuntimeOnly:0 HLODRelevant:0 ListedInSceneOutliner:1 IsMainWorldOnly:1
 |   |   |- [+] [ 16]
 |   |   |   |- Guid:78CAF7514C7533F30BD2F19A017AAB65 BaseClass: NativeClass:/Script/Engine.StaticMeshActor Name:StaticMeshActor_0 Label:SM_Cube SpatiallyLoaded:1 Bounds:IsValid=true, Min=(X=0.000 Y=0.000 Z=-50.000), Max=(X=3000.000 Y=3500.000 Z=0.000) RuntimeGrid:None EditorOnly:0 RuntimeOnly:0 HLODRelevant:1 ListedInSceneOutliner:1 IsMainWorldOnly:0 FolderPath:Playground FolderGuid:6C02BB504B69D1F3D7A624B130C18E5B
 |   |   |- [+] [ 17]
 |   |   |   |- Guid:81FAFAB741C98FD7F1B67F816D0E1EF9 BaseClass: NativeClass:/Script/Engine.RectLight Name:RectLight_UAID_004E01BD75FA329B02_1230379020 Label:RectLight4 SpatiallyLoaded:1 Bounds:IsValid=true, Min=(X=753.438 Y=1710.978 Z=-219.172), Max=(X=2753.438 Y=3710.978 Z=1780.828) RuntimeGrid:None EditorOnly:0 RuntimeOnly:0 HLODRelevant:0 ListedInSceneOutliner:1 IsMainWorldOnly:0
 |   |   |- [+] [ 18]
 |   |   |   |- Guid:82AA3C4544B8D740A76AEB818113FA38 BaseClass: NativeClass:/Script/Engine.StaticMeshActor Name:StaticMeshActor_UAID_004E01BD75FA319B02_1118260825 Label:Cube6 SpatiallyLoaded:1 Bounds:IsValid=true, Min=(X=1095.990 Y=1797.243 Z=-1.611), Max=(X=1115.990 Y=2855.420 Z=809.750) RuntimeGrid:None EditorOnly:0 RuntimeOnly:0 HLODRelevant:1 ListedInSceneOutliner:1 IsMainWorldOnly:0
 |   |   |- [+] [ 19]
 |   |   |   |- Guid:83B67814490C073B4FA5F89C2E2B9072 BaseClass: NativeClass:/Script/Engine.StaticMeshActor Name:StaticMeshActor_UAID_004E01BD75FA2E9B02_1973351279 Label:Cylinder2 SpatiallyLoaded:1 Bounds:IsValid=true, Min=(X=1298.967 Y=180.726 Z=383.169), Max=(X=1320.073 Y=201.228 Z=436.831) RuntimeGrid:None EditorOnly:0 RuntimeOnly:0 HLODRelevant:1 ListedInSceneOutliner:1 IsMainWorldOnly:0
 |   |   |- [+] [ 20]
 |   |   |   |- Guid:8559D1384B14F466E8927697A36C1D78 BaseClass: NativeClass:/Script/Engine.StaticMeshActor Name:StaticMeshActor_9 Label:SM_Cube5 SpatiallyLoaded:1 Bounds:IsValid=true, Min=(X=-0.000 Y=100.000 Z=0.000), Max=(X=100.000 Y=3400.000 Z=2246.427) RuntimeGrid:None EditorOnly:0 RuntimeOnly:0 HLODRelevant:1 ListedInSceneOutliner:1 IsMainWorldOnly:0 FolderPath:Playground FolderGuid:6C02BB504B69D1F3D7A624B130C18E5B
 |   |   |- [+] [ 21]
 |   |   |   |- Guid:86C0BA7246AAD23794DCCFBC6F15898E BaseClass: NativeClass:/Script/Engine.StaticMeshActor Name:StaticMeshActor_UAID_004E01BD75FA319B02_1193637827 Label:Cube4 SpatiallyLoaded:1 Bounds:IsValid=true, Min=(X=-104.010 Y=1785.420 Z=-1.611), Max=(X=387.498 Y=1805.420 Z=809.750) RuntimeGrid:None EditorOnly:0 RuntimeOnly:0 HLODRelevant:1 ListedInSceneOutliner:1 IsMainWorldOnly:0
 |   |   |- [+] [ 22]
 |   |   |   |- Guid:90B7B8D3420C2EABA931D3A6A69DF696 BaseClass: NativeClass:/Script/Engine.StaticMeshActor Name:StaticMeshActor_3 Label:SM_Cube2 SpatiallyLoaded:1 Bounds:IsValid=true, Min=(X=0.000 Y=0.000 Z=0.000), Max=(X=3000.000 Y=100.000 Z=2246.427) RuntimeGrid:None EditorOnly:0 RuntimeOnly:0 HLODRelevant:1 ListedInSceneOutliner:1 IsMainWorldOnly:0 FolderPath:Playground FolderGuid:6C02BB504B69D1F3D7A624B130C18E5B
 |   |   |- [+] [ 23]
 |   |   |   |- Guid:935E71AD4C479870290D82BB32B092D6 BaseClass: NativeClass:/Script/Engine.StaticMeshActor Name:StaticMeshActor_UAID_004E01BD75FA319B02_1534459834 Label:Sphere6 SpatiallyLoaded:1 Bounds:IsValid=true, Min=(X=1225.927 Y=185.079 Z=-27.152), Max=(X=1280.441 Y=239.593 Z=27.362) RuntimeGrid:None EditorOnly:0 RuntimeOnly:0 HLODRelevant:1 ListedInSceneOutliner:1 IsMainWorldOnly:0
 |   |   |- [+] [ 24]
 |   |   |   |- Guid:9BA93EE94B82D33E49BBB8BD4ABD7605 BaseClass: NativeClass:/Script/Engine.StaticMeshActor Name:StaticMeshActor_UAID_004E01BD75FA2E9B02_1360129273 Label:Sphere SpatiallyLoaded:1 Bounds:IsValid=true, Min=(X=1223.663 Y=126.923 Z=299.286), Max=(X=1348.663 Y=226.923 Z=399.286) RuntimeGrid:None EditorOnly:0 RuntimeOnly:0 HLODRelevant:1 ListedInSceneOutliner:1 IsMainWorldOnly:0
 |   |   |- [+] [ 25]
 |   |   |   |- Guid:9C4C16A64577E7CB175143AC781A0799 BaseClass: NativeClass:/Script/Engine.StaticMeshActor Name:StaticMeshActor_UAID_004E01BD75FA309B02_1833889642 Label:Cube SpatiallyLoaded:1 Bounds:IsValid=true, Min=(X=2295.990 Y=2435.420 Z=-1.611), Max=(X=2895.053 Y=2455.420 Z=809.750) RuntimeGrid:None EditorOnly:0 RuntimeOnly:0 HLODRelevant:1 ListedInSceneOutliner:1 IsMainWorldOnly:0
 |   |   |- [+] [ 26]
 |   |   |   |- Guid:A18162D64AA4023A2E85F999F7AFECEF BaseClass: NativeClass:/Script/Engine.RectLight Name:RectLight_UAID_004E01BD75FA329B02_1205134018 Label:RectLight2 SpatiallyLoaded:1 Bounds:IsValid=true, Min=(X=-327.427 Y=1217.298 Z=-207.816), Max=(X=1672.573 Y=3217.298 Z=1792.184) RuntimeGrid:None EditorOnly:0 RuntimeOnly:0 HLODRelevant:0 ListedInSceneOutliner:1 IsMainWorldOnly:0
 |   |   |- [+] [ 27]
 |   |   |   |- Guid:A354B1B24E617A525DC6B48CCDE2417E BaseClass: NativeClass:/Script/Engine.PlayerStart Name:PlayerStart_0 Label:PlayerStart SpatiallyLoaded:0 Bounds:IsValid=true, Min=(X=2598.818 Y=2947.381 Z=155.756), Max=(X=2678.818 Y=3027.381 Z=339.756) RuntimeGrid:None EditorOnly:0 RuntimeOnly:0 HLODRelevant:0 ListedInSceneOutliner:1 IsMainWorldOnly:0
 |   |   |- [+] [ 28]
 |   |   |   |- Guid:A89166C64898ED0145A18DABBA9B5206 BaseClass: NativeClass:/Script/Engine.StaticMeshActor Name:StaticMeshActor_UAID_004E01BD75FA2E9B02_1931522278 Label:Cylinder SpatiallyLoaded:1 Bounds:IsValid=true, Min=(X=1275.010 Y=195.666 Z=305.996), Max=(X=1284.031 Y=216.169 Z=314.004) RuntimeGrid:None EditorOnly:0 RuntimeOnly:0 HLODRelevant:1 ListedInSceneOutliner:1 IsMainWorldOnly:0
 |   |   |- [+] [ 29]
 |   |   |   |- Guid:B7F8C24548D14955EE20F48E1F061176 BaseClass: NativeClass:/Script/Engine.StaticMeshActor Name:StaticMeshActor_UAID_004E01BD75FA2E9B02_1992634280 Label:Sphere4 SpatiallyLoaded:1 Bounds:IsValid=true, Min=(X=1247.959 Y=189.646 Z=417.804), Max=(X=1255.345 Y=214.038 Z=442.196) RuntimeGrid:None EditorOnly:0 RuntimeOnly:0 HLODRelevant:1 ListedInSceneOutliner:1 IsMainWorldOnly:0
 |   |   |- [+] [ 30]
 |   |   |   |- Guid:B9BA3BFD47D7FE44682F099C561D64A4 BaseClass: NativeClass:/Script/Engine.StaticMeshActor Name:StaticMeshActor_UAID_004E01BD75FA319B02_1288724831 Label:Cube11 SpatiallyLoaded:1 Bounds:IsValid=true, Min=(X=1385.990 Y=315.420 Z=-1.611), Max=(X=1877.498 Y=335.420 Z=809.750) RuntimeGrid:None EditorOnly:0 RuntimeOnly:0 HLODRelevant:1 ListedInSceneOutliner:1 IsMainWorldOnly:0
 |   |   |- [+] [ 31]
 |   |   |   |- Guid:BC7405354837708AED349DAECC8221A6 BaseClass: NativeClass:/Script/Engine.SpotLight Name:SpotLight_UAID_004E01BD75FA319B02_2124940840 Label:SpotLight SpatiallyLoaded:1 Bounds:IsValid=true, Min=(X=524.108 Y=2292.734 Z=-703.372), Max=(X=1914.272 Y=3682.898 Z=686.792) RuntimeGrid:None EditorOnly:0 RuntimeOnly:0 HLODRelevant:0 ListedInSceneOutliner:1 IsMainWorldOnly:0
 |   |   |- [+] [ 32]
 |   |   |   |- Guid:BF9E7B3B4AFE0DB17B5F9585E17AEC43 BaseClass: NativeClass:/Script/Engine.StaticMeshActor Name:StaticMeshActor_UAID_004E01BD75FA319B02_2028699839 Label:SM_Cube4 SpatiallyLoaded:1 Bounds:IsValid=true, Min=(X=-0.000 Y=0.000 Z=767.751), Max=(X=3000.000 Y=3500.000 Z=817.751) RuntimeGrid:None EditorOnly:0 RuntimeOnly:0 HLODRelevant:1 ListedInSceneOutliner:1 IsMainWorldOnly:0 FolderPath:Playground FolderGuid:6C02BB504B69D1F3D7A624B130C18E5B
 |   |   |- [+] [ 33]
 |   |   |   |- Guid:C22CE07C4B87D685137FDBBC10FC92C6 BaseClass: NativeClass:/Script/Engine.SkyAtmosphere Name:SkyAtmosphere_0 Label:SkyAtmosphere SpatiallyLoaded:0 Bounds:IsValid=true, Min=(X=0.000 Y=0.000 Z=1020.000), Max=(X=0.000 Y=0.000 Z=1020.000) RuntimeGrid:None EditorOnly:0 RuntimeOnly:0 HLODRelevant:0 ListedInSceneOutliner:1 IsMainWorldOnly:0 FolderPath:Lighting FolderGuid:0BA5F0A04EADB18E70D5B180D08FA34B
 |   |   |- [+] [ 34]
 |   |   |   |- Guid:C6BA6D7B4344A3D221484BBD99CD273E BaseClass: NativeClass:/Script/Engine.StaticMeshActor Name:StaticMeshActor_UAID_004E01BD75FA319B02_1257893829 Label:Cube9 SpatiallyLoaded:1 Bounds:IsValid=true, Min=(X=1205.990 Y=310.758 Z=-1.611), Max=(X=1225.990 Y=1795.420 Z=809.750) RuntimeGrid:None EditorOnly:0 RuntimeOnly:0 HLODRelevant:1 ListedInSceneOutliner:1 IsMainWorldOnly:0
 |   |   |- [+] [ 35]
 |   |   |   |- Guid:C81A65244D211DFE8094DD9A78032E8D BaseClass: NativeClass:/Script/Engine.StaticMeshActor Name:StaticMeshActor_UAID_004E01BD75FA2F9B02_1078428458 Label:Cylinder3 SpatiallyLoaded:1 Bounds:IsValid=true, Min=(X=1281.632 Y=191.395 Z=306.625), Max=(X=1291.392 Y=211.897 Z=313.375) RuntimeGrid:None EditorOnly:0 RuntimeOnly:0 HLODRelevant:1 ListedInSceneOutliner:1 IsMainWorldOnly:0
 |   |   |- [+] [ 36]
 |   |   |   |- Guid:CB539A164BFD2E55E089219CC25100FC BaseClass: NativeClass:/Script/Engine.StaticMeshActor Name:StaticMeshActor_UAID_004E01BD75FA309B02_1903132643 Label:Cube2 SpatiallyLoaded:1 Bounds:IsValid=true, Min=(X=2285.990 Y=2447.243 Z=-1.611), Max=(X=2305.990 Y=3505.420 Z=809.750) RuntimeGrid:None EditorOnly:0 RuntimeOnly:0 HLODRelevant:1 ListedInSceneOutliner:1 IsMainWorldOnly:0
 |   |   |- [+] [ 37]
 |   |   |   |- Guid:CE8D82634660FCDB3120E2B8D547C533 BaseClass: NativeClass:/Script/Engine.PostProcessVolume Name:PostProcessVolume_0 Label:PostProcessVolume SpatiallyLoaded:0 Bounds:IsValid=true, Min=(X=0.000 Y=0.000 Z=400.000), Max=(X=200.000 Y=200.000 Z=600.000) RuntimeGrid:None EditorOnly:0 RuntimeOnly:0 HLODRelevant:0 ListedInSceneOutliner:1 IsMainWorldOnly:0 FolderPath:Lighting FolderGuid:0BA5F0A04EADB18E70D5B180D08FA34B
 |   |   |- [+] [ 38]
 |   |   |   |- Guid:CF25BF6A4564F4A43E5593B3A46FC51D BaseClass: NativeClass:/Script/Engine.PointLight Name:PointLight_UAID_004E01BD75FA319B02_1593823836 Label:PointLight SpatiallyLoaded:1 Bounds:IsValid=true, Min=(X=549.750 Y=-813.579 Z=-859.049), Max=(X=2549.750 Y=1186.421 Z=1140.951) RuntimeGrid:None EditorOnly:0 RuntimeOnly:0 HLODRelevant:0 ListedInSceneOutliner:1 IsMainWorldOnly:0
 |   |   |- [+] [ 39]
 |   |   |   |- Guid:D1627B7E4A28B6BB2D1CEB9F924E6026 BaseClass: NativeClass:/Script/Engine.StaticMeshActor Name:StaticMeshActor_UAID_004E01BD75FA319B02_1141959826 Label:Cube7 SpatiallyLoaded:1 Bounds:IsValid=true, Min=(X=305.990 Y=1785.420 Z=-1.611), Max=(X=1220.358 Y=1805.420 Z=809.750) RuntimeGrid:None EditorOnly:0 RuntimeOnly:0 HLODRelevant:1 ListedInSceneOutliner:1 IsMainWorldOnly:0
 |   |   |- [+] [ 40]
 |   |   |   |- Guid:D1C0B3844779BE4992479EB42BB1A2D6 BaseClass: NativeClass:/Script/Engine.StaticMeshActor Name:StaticMeshActor_UAID_004E01BD75FA309B02_1523880641 Label:Cylinder4 SpatiallyLoaded:1 Bounds:IsValid=true, Min=(X=1247.883 Y=187.562 Z=385.094), Max=(X=1277.757 Y=208.064 Z=434.906) RuntimeGrid:None EditorOnly:0 RuntimeOnly:0 HLODRelevant:1 ListedInSceneOutliner:1 IsMainWorldOnly:0
 |   |   |- [+] [ 41]
 |   |   |   |- Guid:D3C419CF4BF1688069B872879F5E5580 BaseClass: NativeClass:/Script/Engine.StaticMeshActor Name:StaticMeshActor_UAID_004E01BD75FA2E9B02_1205226272 Label:SM_SkySphere3 SpatiallyLoaded:0 Bounds:IsValid=true, Min=(X=-1638380.000 Y=-1638380.000 Z=-1638400.000), Max=(X=1638420.000 Y=1638420.000 Z=1638400.000) RuntimeGrid:None EditorOnly:0 RuntimeOnly:0 HLODRelevant:0 ListedInSceneOutliner:1 IsMainWorldOnly:0 FolderPath:Lighting FolderGuid:0BA5F0A04EADB18E70D5B180D08FA34B
 |   |   |- [+] [ 42]
 |   |   |   |- Guid:D5E06A4F4FF82A71B1369CABDD7C685F BaseClass: NativeClass:/Script/Engine.StaticMeshActor Name:StaticMeshActor_UAID_004E01BD75FA319B02_1479655833 Label:Cone3 SpatiallyLoaded:1 Bounds:IsValid=true, Min=(X=1232.333 Y=127.726 Z=-11.422), Max=(X=1332.333 Y=227.726 Z=332.569) RuntimeGrid:None EditorOnly:0 RuntimeOnly:0 HLODRelevant:1 ListedInSceneOutliner:1 IsMainWorldOnly:0
 |   |   |- [+] [ 43]
 |   |   |   |- Guid:E38D92CC45A6EFD452C115A0438CADC1 BaseClass: NativeClass:/Script/Engine.StaticMeshActor Name:StaticMeshActor_UAID_004E01BD75FA2E9B02_1205014271 Label:SM_SkySphere2 SpatiallyLoaded:0 Bounds:IsValid=true, Min=(X=-1638390.000 Y=-1638390.000 Z=-1638400.000), Max=(X=1638410.000 Y=1638410.000 Z=1638400.000) RuntimeGrid:None EditorOnly:0 RuntimeOnly:0 HLODRelevant:0 ListedInSceneOutliner:1 IsMainWorldOnly:0 FolderPath:Lighting FolderGuid:0BA5F0A04EADB18E70D5B180D08FA34B
 |   |   |- [+] [ 44]
 |   |   |   |- Guid:EA530DB14479D2433A3F2FB6154FFFA3 BaseClass: NativeClass:/Script/Engine.StaticMeshActor Name:StaticMeshActor_UAID_004E01BD75FA319B02_1557423835 Label:Sphere7 SpatiallyLoaded:1 Bounds:IsValid=true, Min=(X=1285.355 Y=185.079 Z=-27.152), Max=(X=1339.869 Y=239.593 Z=27.362) RuntimeGrid:None EditorOnly:0 RuntimeOnly:0 HLODRelevant:1 ListedInSceneOutliner:1 IsMainWorldOnly:0
 |   |   |- [+] [ 45]
 |   |   |   |- Guid:EE66F4454A4A9F99393F559AB739C05E BaseClass:/Game/FirstPerson/Blueprints/BP_Pickup_Rifle.BP_Pickup_Rifle_C NativeClass:/Script/Engine.Actor Name:BP_Rifle_C_1 Label:BP_Pickup_Rifle SpatiallyLoaded:1 Bounds:IsValid=true, Min=(X=1378.000 Y=818.000 Z=64.000), Max=(X=1442.000 Y=907.440 Z=128.000) RuntimeGrid:None EditorOnly:0 RuntimeOnly:0 HLODRelevant:0 ListedInSceneOutliner:1 IsMainWorldOnly:0
 |   |   |- [+] [ 46]
 |   |   |   |- Guid:F07F1AF64C7C7C238EE1B4BF8C122DD8 BaseClass: NativeClass:/Script/Engine.StaticMeshActor Name:StaticMeshActor_4 Label:SM_Cube3 SpatiallyLoaded:1 Bounds:IsValid=true, Min=(X=0.000 Y=3400.000 Z=0.000), Max=(X=3000.000 Y=3500.000 Z=2246.427) RuntimeGrid:None EditorOnly:0 RuntimeOnly:0 HLODRelevant:1 ListedInSceneOutliner:1 IsMainWorldOnly:0 FolderPath:Playground FolderGuid:6C02BB504B69D1F3D7A624B130C18E5B
 |   |   |- [+] [ 47]
 |   |   |   |- Guid:FC9713724D0E0118AB370DBB3AA37FAA BaseClass: NativeClass:/Script/Engine.StaticMeshActor Name:StaticMeshActor_UAID_004E01BD75FA319B02_1249891828 Label:Cube8 SpatiallyLoaded:1 Bounds:IsValid=true, Min=(X=1415.990 Y=310.758 Z=-1.611), Max=(X=1435.990 Y=1795.420 Z=809.750) RuntimeGrid:None EditorOnly:0 RuntimeOnly:0 HLODRelevant:1 ListedInSceneOutliner:1 IsMainWorldOnly:0
 |   |   |- [+] [ 48]
 |   |   |   |- Guid:FD57F3024B7DAF97113930BE158C1CCD BaseClass: NativeClass:/Script/Engine.PointLight Name:PointLight_UAID_004E01BD75FA319B02_2018281838 Label:PointLight3 SpatiallyLoaded:1 Bounds:IsValid=true, Min=(X=309.371 Y=555.612 Z=-216.587), Max=(X=2309.371 Y=2555.612 Z=1783.413) RuntimeGrid:None EditorOnly:0 RuntimeOnly:0 HLODRelevant:0 ListedInSceneOutliner:1 IsMainWorldOnly:0
 |   |   |- [+] [ 49]
 |   |   |   |- Guid:FDBA23534A5AE241F20540933C1F02E1 BaseClass: NativeClass:/Script/Engine.StaticMeshActor Name:StaticMeshActor_UAID_004E01BD75FA309B02_2056567644 Label:Cube3 SpatiallyLoaded:1 Bounds:IsValid=true, Min=(X=1425.990 Y=1785.420 Z=-1.611), Max=(X=2910.653 Y=1805.420 Z=809.750) RuntimeGrid:None EditorOnly:0 RuntimeOnly:0 HLODRelevant:1 ListedInSceneOutliner:1 IsMainWorldOnly:0
 |- ContainerInstances:
 |- [+] MainContainer:
 |   |-        ID: 00000000000000000000000000000000
 |   |-  ParentID: 00000000000000000000000000000000
 |   |-    Bounds: IsValid=false, Min=(X=0.000 Y=0.000 Z=0.000), Max=(X=0.000 Y=0.000 Z=0.000)
 |   |- Transform: 0.000000,0.000000,0.000000|0.000000,0.000000,-0.000000|1.000000,1.000000,1.000000
 |   |- Container: /Game/FirstPerson/Maps/FirstPersonMap
----------------------------------------------------------------------------------------------------------------
FirstPersonMap - Persistent Level
----------------------------------------------------------------------------------------------------------------
[+] Content of FirstPersonMap Persistent Level
 |- Always loaded Actor Count: 50 
 |- Actor Path: /Game/FirstPerson/Maps/FirstPersonMap.FirstPersonMap:PersistentLevel.BP_Rifle_C_1
 |- Actor Package: /Game/__ExternalActors__/FirstPerson/Maps/FirstPersonMap/5/8C/EAHCBN229IT8APJO305AH5
 |- Actor Path: /Game/FirstPerson/Maps/FirstPersonMap.FirstPersonMap:PersistentLevel.DirectionalLight_UAID_004E01BD75FA2F9B02_1155593459
 |- Actor Package: /Game/__ExternalActors__/FirstPerson/Maps/FirstPersonMap/C/6V/TU7ABLUTB8I6YVVC9OI245
 |- Actor Path: /Game/FirstPerson/Maps/FirstPersonMap.FirstPersonMap:PersistentLevel.ExponentialHeightFog_0
 |- Actor Package: /Game/__ExternalActors__/FirstPerson/Maps/FirstPersonMap/0/CL/381LM03PFI8AF9NED1SEV2
 |- Actor Path: /Game/FirstPerson/Maps/FirstPersonMap.FirstPersonMap:PersistentLevel.PlayerStart_0
 |- Actor Package: /Game/__ExternalActors__/FirstPerson/Maps/FirstPersonMap/8/Z7/W1SXRCM1KAKBJOIZDLHZ47
 |- Actor Path: /Game/FirstPerson/Maps/FirstPersonMap.FirstPersonMap:PersistentLevel.PointLight_UAID_004E01BD75FA319B02_1593823836
 |- Actor Package: /Game/__ExternalActors__/FirstPerson/Maps/FirstPersonMap/7/V1/FC8E3S7342HG4UH5GG9W7X
 |- Actor Path: /Game/FirstPerson/Maps/FirstPersonMap.FirstPersonMap:PersistentLevel.PointLight_UAID_004E01BD75FA319B02_1998489837
 |- Actor Package: /Game/__ExternalActors__/FirstPerson/Maps/FirstPersonMap/5/QI/N2N6MUTSRUZ8LKTLE8GE1Z
 |- Actor Path: /Game/FirstPerson/Maps/FirstPersonMap.FirstPersonMap:PersistentLevel.PointLight_UAID_004E01BD75FA319B02_2018281838
 |- Actor Package: /Game/__ExternalActors__/FirstPerson/Maps/FirstPersonMap/A/RG/WVIQRXKUHVPMPQI5F9WMAM
 |- Actor Path: /Game/FirstPerson/Maps/FirstPersonMap.FirstPersonMap:PersistentLevel.PostProcessVolume_0
 |- Actor Package: /Game/__ExternalActors__/FirstPerson/Maps/FirstPersonMap/E/MX/R1GV431P5FDO08OFULRA01
 |- Actor Path: /Game/FirstPerson/Maps/FirstPersonMap.FirstPersonMap:PersistentLevel.RectLight_UAID_004E01BD75FA329B02_1122003017
 |- Actor Package: /Game/__ExternalActors__/FirstPerson/Maps/FirstPersonMap/C/5Z/BF85IN0GRWCSLZ91EJM6HW
 |- Actor Path: /Game/FirstPerson/Maps/FirstPersonMap.FirstPersonMap:PersistentLevel.RectLight_UAID_004E01BD75FA329B02_1205134018
 |- Actor Package: /Game/__ExternalActors__/FirstPerson/Maps/FirstPersonMap/B/99/CKJHZEQAXY2QF10EPWSP26
 |- Actor Path: /Game/FirstPerson/Maps/FirstPersonMap.FirstPersonMap:PersistentLevel.RectLight_UAID_004E01BD75FA329B02_1211518019
 |- Actor Package: /Game/__ExternalActors__/FirstPerson/Maps/FirstPersonMap/3/6K/REDME6TXWALTUM5EJBYMMO
 |- Actor Path: /Game/FirstPerson/Maps/FirstPersonMap.FirstPersonMap:PersistentLevel.RectLight_UAID_004E01BD75FA329B02_1230379020
 |- Actor Package: /Game/__ExternalActors__/FirstPerson/Maps/FirstPersonMap/6/OT/60DDDBALKY63JJMRVQQFZ9
 |- Actor Path: /Game/FirstPerson/Maps/FirstPersonMap.FirstPersonMap:PersistentLevel.SkyAtmosphere_0
 |- Actor Package: /Game/__ExternalActors__/FirstPerson/Maps/FirstPersonMap/C/VO/VMN4G7K3NKKV6F8HTPHHDB
 |- Actor Path: /Game/FirstPerson/Maps/FirstPersonMap.FirstPersonMap:PersistentLevel.SpotLight_UAID_004E01BD75FA319B02_2124940840
 |- Actor Package: /Game/__ExternalActors__/FirstPerson/Maps/FirstPersonMap/2/EA/SX2WGENV8DKN5YAUAM3OGX
 |- Actor Path: /Game/FirstPerson/Maps/FirstPersonMap.FirstPersonMap:PersistentLevel.StaticMeshActor_0
 |- Actor Package: /Game/__ExternalActors__/FirstPerson/Maps/FirstPersonMap/7/L5/1ZJ54FMA0DAL3I2Q8RFAIB
 |- Actor Path: /Game/FirstPerson/Maps/FirstPersonMap.FirstPersonMap:PersistentLevel.StaticMeshActor_10
 |- Actor Package: /Game/__ExternalActors__/FirstPerson/Maps/FirstPersonMap/A/XJ/HL558UUAGCS9HVVOI0S7PX
 |- Actor Path: /Game/FirstPerson/Maps/FirstPersonMap.FirstPersonMap:PersistentLevel.StaticMeshActor_3
 |- Actor Package: /Game/__ExternalActors__/FirstPerson/Maps/FirstPersonMap/3/AI/0XWE3RNM2XQC0ST1KXG02O
 |- Actor Path: /Game/FirstPerson/Maps/FirstPersonMap.FirstPersonMap:PersistentLevel.StaticMeshActor_4
 |- Actor Package: /Game/__ExternalActors__/FirstPerson/Maps/FirstPersonMap/6/AJ/2XZ3RUK0LFB63FVNQE7P5R
 |- Actor Path: /Game/FirstPerson/Maps/FirstPersonMap.FirstPersonMap:PersistentLevel.StaticMeshActor_9
 |- Actor Package: /Game/__ExternalActors__/FirstPerson/Maps/FirstPersonMap/E/UE/YUZ9741T50O1SYRX90OB0S
 |- Actor Path: /Game/FirstPerson/Maps/FirstPersonMap.FirstPersonMap:PersistentLevel.StaticMeshActor_UAID_004E01BD75FA2E9B02_1205014271
 |- Actor Package: /Game/__ExternalActors__/FirstPerson/Maps/FirstPersonMap/1/LS/QLOQSC4FJ4PYPV34C6C2SP
 |- Actor Path: /Game/FirstPerson/Maps/FirstPersonMap.FirstPersonMap:PersistentLevel.StaticMeshActor_UAID_004E01BD75FA2E9B02_1205226272
 |- Actor Package: /Game/__ExternalActors__/FirstPerson/Maps/FirstPersonMap/A/FK/SNJR5TICIJUVNHRH9VN4OF
 |- Actor Path: /Game/FirstPerson/Maps/FirstPersonMap.FirstPersonMap:PersistentLevel.StaticMeshActor_UAID_004E01BD75FA2E9B02_1360129273
 |- Actor Package: /Game/__ExternalActors__/FirstPerson/Maps/FirstPersonMap/6/AW/G8XA99M51WEN1RFAJCTX0O
 |- Actor Path: /Game/FirstPerson/Maps/FirstPersonMap.FirstPersonMap:PersistentLevel.StaticMeshActor_UAID_004E01BD75FA2E9B02_1371474274
 |- Actor Package: /Game/__ExternalActors__/FirstPerson/Maps/FirstPersonMap/9/ZY/YY8XXQ5T13U24RQH9T8MWB
 |- Actor Path: /Game/FirstPerson/Maps/FirstPersonMap.FirstPersonMap:PersistentLevel.StaticMeshActor_UAID_004E01BD75FA2E9B02_1403446275
 |- Actor Package: /Game/__ExternalActors__/FirstPerson/Maps/FirstPersonMap/0/W7/8KEEFETQA2GH7RZU2S2KEC
 |- Actor Path: /Game/FirstPerson/Maps/FirstPersonMap.FirstPersonMap:PersistentLevel.StaticMeshActor_UAID_004E01BD75FA2E9B02_1449813276
 |- Actor Package: /Game/__ExternalActors__/FirstPerson/Maps/FirstPersonMap/B/B0/KMTT3YQ0ZP9K7QJ6HQZJEH
 |- Actor Path: /Game/FirstPerson/Maps/FirstPersonMap.FirstPersonMap:PersistentLevel.StaticMeshActor_UAID_004E01BD75FA2E9B02_1878801277
 |- Actor Package: /Game/__ExternalActors__/FirstPerson/Maps/FirstPersonMap/E/BQ/IRW0BCMVJA7S0YSANA73CD
 |- Actor Path: /Game/FirstPerson/Maps/FirstPersonMap.FirstPersonMap:PersistentLevel.StaticMeshActor_UAID_004E01BD75FA2E9B02_1931522278
 |- Actor Package: /Game/__ExternalActors__/FirstPerson/Maps/FirstPersonMap/8/9V/VH8Q8XQ50FHV5O2YQCIFIG
 |- Actor Path: /Game/FirstPerson/Maps/FirstPersonMap.FirstPersonMap:PersistentLevel.StaticMeshActor_UAID_004E01BD75FA2E9B02_1973351279
 |- Actor Package: /Game/__ExternalActors__/FirstPerson/Maps/FirstPersonMap/D/HR/C6Z26OSVP5XASC1VXXC2BL
 |- Actor Path: /Game/FirstPerson/Maps/FirstPersonMap.FirstPersonMap:PersistentLevel.StaticMeshActor_UAID_004E01BD75FA2E9B02_1992634280
 |- Actor Package: /Game/__ExternalActors__/FirstPerson/Maps/FirstPersonMap/6/V3/KWXPZS74O0G3GYRIDTIQW7
 |- Actor Path: /Game/FirstPerson/Maps/FirstPersonMap.FirstPersonMap:PersistentLevel.StaticMeshActor_UAID_004E01BD75FA2E9B02_2025738281
 |- Actor Package: /Game/__ExternalActors__/FirstPerson/Maps/FirstPersonMap/5/YL/Z1W3VCNXW3H06Q0KWWEMGV
 |- Actor Path: /Game/FirstPerson/Maps/FirstPersonMap.FirstPersonMap:PersistentLevel.StaticMeshActor_UAID_004E01BD75FA2F9B02_1078428458
 |- Actor Package: /Game/__ExternalActors__/FirstPerson/Maps/FirstPersonMap/D/80/HF214C9Z2V0ME7K7YSSZG8
 |- Actor Path: /Game/FirstPerson/Maps/FirstPersonMap.FirstPersonMap:PersistentLevel.StaticMeshActor_UAID_004E01BD75FA309B02_1523880641
 |- Actor Package: /Game/__ExternalActors__/FirstPerson/Maps/FirstPersonMap/C/OO/SFAJYTB7BG5PCIQEW2B6MD
 |- Actor Path: /Game/FirstPerson/Maps/FirstPersonMap.FirstPersonMap:PersistentLevel.StaticMeshActor_UAID_004E01BD75FA309B02_1833889642
 |- Actor Package: /Game/__ExternalActors__/FirstPerson/Maps/FirstPersonMap/E/KV/ABWRSJXRRIVDU52G7NL5RX
 |- Actor Path: /Game/FirstPerson/Maps/FirstPersonMap.FirstPersonMap:PersistentLevel.StaticMeshActor_UAID_004E01BD75FA309B02_1903132643
 |- Actor Package: /Game/__ExternalActors__/FirstPerson/Maps/FirstPersonMap/A/HR/T7TL16H8FWYDKHIFS6SYZO
 |- Actor Path: /Game/FirstPerson/Maps/FirstPersonMap.FirstPersonMap:PersistentLevel.StaticMeshActor_UAID_004E01BD75FA309B02_2056567644
 |- Actor Package: /Game/__ExternalActors__/FirstPerson/Maps/FirstPersonMap/1/RY/B8MB96GKB54EM9U4A502UB
 |- Actor Path: /Game/FirstPerson/Maps/FirstPersonMap.FirstPersonMap:PersistentLevel.StaticMeshActor_UAID_004E01BD75FA319B02_1088692824
 |- Actor Package: /Game/__ExternalActors__/FirstPerson/Maps/FirstPersonMap/F/3Y/5OFW419LTX9YCUVDG89IR1
 |- Actor Path: /Game/FirstPerson/Maps/FirstPersonMap.FirstPersonMap:PersistentLevel.StaticMeshActor_UAID_004E01BD75FA319B02_1118260825
 |- Actor Package: /Game/__ExternalActors__/FirstPerson/Maps/FirstPersonMap/0/98/ZO8JML7RCK96GVA5XGNKAF
 |- Actor Path: /Game/FirstPerson/Maps/FirstPersonMap.FirstPersonMap:PersistentLevel.StaticMeshActor_UAID_004E01BD75FA319B02_1141959826
 |- Actor Package: /Game/__ExternalActors__/FirstPerson/Maps/FirstPersonMap/C/BO/CEI1A2AQWXUVGX90BYHLVL
 |- Actor Path: /Game/FirstPerson/Maps/FirstPersonMap.FirstPersonMap:PersistentLevel.StaticMeshActor_UAID_004E01BD75FA319B02_1193637827
 |- Actor Package: /Game/__ExternalActors__/FirstPerson/Maps/FirstPersonMap/1/MS/2FEEW17P1WVMZ17N2C3CJG
 |- Actor Path: /Game/FirstPerson/Maps/FirstPersonMap.FirstPersonMap:PersistentLevel.StaticMeshActor_UAID_004E01BD75FA319B02_1249891828
 |- Actor Package: /Game/__ExternalActors__/FirstPerson/Maps/FirstPersonMap/5/MS/K093J78MAIGOTYX6MRJ0TS
 |- Actor Path: /Game/FirstPerson/Maps/FirstPersonMap.FirstPersonMap:PersistentLevel.StaticMeshActor_UAID_004E01BD75FA319B02_1257893829
 |- Actor Package: /Game/__ExternalActors__/FirstPerson/Maps/FirstPersonMap/9/RI/403HOLOCTZYY41F7ROPE7E
 |- Actor Path: /Game/FirstPerson/Maps/FirstPersonMap.FirstPersonMap:PersistentLevel.StaticMeshActor_UAID_004E01BD75FA319B02_1270784830
 |- Actor Package: /Game/__ExternalActors__/FirstPerson/Maps/FirstPersonMap/4/93/43U4DYYWHXB245RFOF75H9
 |- Actor Path: /Game/FirstPerson/Maps/FirstPersonMap.FirstPersonMap:PersistentLevel.StaticMeshActor_UAID_004E01BD75FA319B02_1288724831
 |- Actor Package: /Game/__ExternalActors__/FirstPerson/Maps/FirstPersonMap/1/JA/ROJTVMEEM9SBS86NJ2MPJ0
 |- Actor Path: /Game/FirstPerson/Maps/FirstPersonMap.FirstPersonMap:PersistentLevel.StaticMeshActor_UAID_004E01BD75FA319B02_1479655833
 |- Actor Package: /Game/__ExternalActors__/FirstPerson/Maps/FirstPersonMap/E/MJ/UK9ZLLWUEVFDI0ARLQ7AVB
 |- Actor Path: /Game/FirstPerson/Maps/FirstPersonMap.FirstPersonMap:PersistentLevel.StaticMeshActor_UAID_004E01BD75FA319B02_1534459834
 |- Actor Package: /Game/__ExternalActors__/FirstPerson/Maps/FirstPersonMap/4/NU/4V4O9K1U0KUUT899LP2MEE
 |- Actor Path: /Game/FirstPerson/Maps/FirstPersonMap.FirstPersonMap:PersistentLevel.StaticMeshActor_UAID_004E01BD75FA319B02_1557423835
 |- Actor Package: /Game/__ExternalActors__/FirstPerson/Maps/FirstPersonMap/C/VR/3LIOU3TFF4PM5L1P9E9231
 |- Actor Path: /Game/FirstPerson/Maps/FirstPersonMap.FirstPersonMap:PersistentLevel.StaticMeshActor_UAID_004E01BD75FA319B02_2028699839
 |- Actor Package: /Game/__ExternalActors__/FirstPerson/Maps/FirstPersonMap/7/EB/3K82CVPTAAFE9W7VNWMRN3
 |- Actor Path: /Game/FirstPerson/Maps/FirstPersonMap.FirstPersonMap:PersistentLevel.TextRenderActor_1
 |- Actor Package: /Game/__ExternalActors__/FirstPerson/Maps/FirstPersonMap/1/RN/55P1SMQLAF7OK6300D5I8N
 |- Actor Path: /Game/FirstPerson/Maps/FirstPersonMap.FirstPersonMap:PersistentLevel.VolumetricCloud_0
 |- Actor Package: /Game/__ExternalActors__/FirstPerson/Maps/FirstPersonMap/0/GO/I8WEFD3RY9V3NVQLSU6QM4
 |- Actor Path: /Game/FirstPerson/Maps/FirstPersonMap.FirstPersonMap:PersistentLevel.WorldDataLayers
 |- Actor Package: /Game/__ExternalActors__/FirstPerson/Maps/FirstPersonMap/D/0W/E1FKEGVKGOLM7HGLQPCIPO

----------------------------------------------------------------------------------------------------------------
FirstPersonMap - Runtime Hash Set
----------------------------------------------------------------------------------------------------------------

